<?xml version="1.0" encoding="UTF-8"?>
<!-- Generated by org.testng.reporters.JUnitReportReporter -->
<testsuite hostname="Sajida" name="testPages.TestLoginPage" tests="2" failures="0" timestamp="14 Jul 2023 12:53:04 GMT" time="6.745" errors="0">
  <testcase name="invalidIndiaLogin" time="6.742" classname="testPages.TestLoginPage"/>
  <testcase name="verifyTitle" time="0.003" classname="testPages.TestLoginPage"/>
</testsuite> <!-- testPages.TestLoginPage -->
